---------------------------------------------------------------
[ 2018-05-06T01:42:30+08:00 ] 113.81.26.7 GET /
[ info ] 01.demo.yuanjianda.com/ [运行时间：2.852384s][吞吐率：0.35req/s] [内存消耗：2,561.27kb] [文件加载：56]
[ info ] [ LANG ] /www/web/lirenjy/public_html/think/lang/zh-cn.php
[ info ] [ ROUTE ] array (
  'type' => 'module',
  'module' => 
  array (
    0 => '',
    1 => NULL,
    2 => NULL,
  ),
)
[ info ] [ HEADER ] array (
  'host' => '01.demo.yuanjianda.com',
  'referer' => 'http://111.230.206.148:8899/site/list',
  'cookie' => 'looyu_id=2f791010d0b535689836abafd44acfdc85_20003434%3A1',
  'x-real-ip' => '113.81.26.7',
  'connection' => 'close',
  'upgrade-insecure-requests' => '1',
  'user-agent' => 'Mozilla/5.0 (Windows NT 6.1; Win64; x64) AppleWebKit/537.36 (KHTML, like Gecko) Chrome/66.0.3359.139 Safari/537.36',
  'accept' => 'text/html,application/xhtml+xml,application/xml;q=0.9,image/webp,image/apng,*/*;q=0.8',
  'accept-language' => 'zh-CN,zh;q=0.9',
)
[ info ] [ PARAM ] array (
)
[ info ] [ DB ] INIT mysql
[ info ] [ CACHE ] INIT File
[ info ] [ RUN ] app\home\controller\Index->index[ /www/web/lirenjy/public_html/app/home/controller/Index.php ]
[ info ] [ VIEW ] /www/web/lirenjy/public_html/app/home/view/index_index.html [ array (
  0 => 'sys',
  1 => 'action',
  2 => 'controller',
  3 => 'title',
  4 => 'keywords',
  5 => 'description',
  6 => 'category',
  7 => 'adList',
  8 => 'linkList',
) ]
[ info ] [ LOG ] INIT File
[ sql ] [ DB ] CONNECT:[ UseTime:0.010964s ] mysql:host=127.0.0.1;port=3306;dbname=lirenjy;charset=utf8
[ sql ] [ SQL ] SHOW COLUMNS FROM `lz_category` [ RunTime:0.003878s ]
[ sql ] [ SQL ] SELECT * FROM `lz_category` WHERE  `id` IS NULL LIMIT 1 [ RunTime:0.000297s ]
[ sql ] [ SQL ] SELECT * FROM `lz_category` WHERE  `parentid` = 0  AND `ismenu` = 1 ORDER BY `listorder` [ RunTime:0.001902s ]
[ sql ] [ SQL ] SELECT * FROM `lz_category` WHERE  `ismenu` = 1 ORDER BY `listorder` [ RunTime:0.000718s ]
[ sql ] [ SQL ] SHOW COLUMNS FROM `lz_ad` [ RunTime:0.004779s ]
[ sql ] [ SQL ] SELECT * FROM `lz_ad` WHERE  `type_id` = 1  AND `open` = 1 ORDER BY sort asc LIMIT 4 [ RunTime:0.000539s ]
[ sql ] [ SQL ] SHOW COLUMNS FROM `lz_link` [ RunTime:0.002619s ]
[ sql ] [ SQL ] SELECT * FROM `lz_link` WHERE  `open` = 1 ORDER BY sort asc [ RunTime:0.002124s ]
[ sql ] [ SQL ] SHOW COLUMNS FROM `lz_article` [ RunTime:0.010216s ]
[ sql ] [ SQL ] SELECT * FROM `lz_article` WHERE  (  catId=14 ) ORDER BY id desc LIMIT 5 [ RunTime:0.053045s ]
[ sql ] [ SQL ] SHOW COLUMNS FROM `lz_student` [ RunTime:0.006198s ]
[ sql ] [ SQL ] SELECT * FROM `lz_student` ORDER BY id desc LIMIT 15 [ RunTime:0.002130s ]
[ sql ] [ SQL ] SHOW COLUMNS FROM `lz_colleges` [ RunTime:0.005046s ]
[ sql ] [ SQL ] SELECT * FROM `lz_colleges` WHERE  (  posid = 1 and catId = 22 ) ORDER BY id desc LIMIT 6 [ RunTime:0.012637s ]
[ sql ] [ SQL ] SELECT * FROM `lz_article` WHERE  (  posid = 1 and catId=14 ) ORDER BY id desc LIMIT 5 [ RunTime:0.000804s ]
[ sql ] [ SQL ] SELECT * FROM `lz_article` WHERE  (  posid = 1 and catId=16 ) ORDER BY id desc LIMIT 5 [ RunTime:0.000399s ]
[ sql ] [ SQL ] SELECT * FROM `lz_article` WHERE  (  posid = 1 and catId=17 ) ORDER BY id desc LIMIT 5 [ RunTime:0.011158s ]
[ sql ] [ SQL ] SELECT * FROM `lz_article` WHERE  (  posid = 1 and catId=18 ) ORDER BY id desc LIMIT 5 [ RunTime:0.000670s ]
[ error ] [8]未定义变量: info[/www/web/lirenjy/public_html/runtime/temp/b12d8df1954b8193b5b858153a01762a.php:7]
[ error ] [8]未定义变量: info[/www/web/lirenjy/public_html/runtime/temp/b12d8df1954b8193b5b858153a01762a.php:8]
[ error ] [8]未定义变量: info[/www/web/lirenjy/public_html/runtime/temp/b12d8df1954b8193b5b858153a01762a.php:9]
---------------------------------------------------------------
[ 2018-05-06T01:42:30+08:00 ] 113.81.26.7 GET /favicon.ico
[ info ] 01.demo.yuanjianda.com/favicon.ico [运行时间：0.058805s][吞吐率：17.01req/s] [内存消耗：1,219.95kb] [文件加载：33]
[ info ] [ LANG ] /www/web/lirenjy/public_html/think/lang/zh-cn.php
[ info ] [ ROUTE ] array (
  'type' => 'module',
  'module' => 
  array (
    0 => 'favicon.ico',
    1 => NULL,
    2 => NULL,
  ),
)
[ info ] [ HEADER ] array (
  'host' => '01.demo.yuanjianda.com',
  'referer' => 'http://01.demo.yuanjianda.com/',
  'cookie' => 'looyu_id=2f791010d0b535689836abafd44acfdc85_20003434%3A1',
  'x-real-ip' => '113.81.26.7',
  'connection' => 'close',
  'user-agent' => 'Mozilla/5.0 (Windows NT 6.1; Win64; x64) AppleWebKit/537.36 (KHTML, like Gecko) Chrome/66.0.3359.139 Safari/537.36',
  'accept' => 'image/webp,image/apng,image/*,*/*;q=0.8',
  'accept-language' => 'zh-CN,zh;q=0.9',
)
[ info ] [ PARAM ] array (
)
[ info ] [ LOG ] INIT File
---------------------------------------------------------------
[ 2018-05-06T01:52:11+08:00 ] 113.81.26.7 GET /
[ info ] 01.demo.yuanjianda.com/ [运行时间：0.129920s][吞吐率：7.70req/s] [内存消耗：2,561.49kb] [文件加载：55]
[ info ] [ LANG ] /www/web/lirenjy/public_html/think/lang/zh-cn.php
[ info ] [ ROUTE ] array (
  'type' => 'module',
  'module' => 
  array (
    0 => '',
    1 => NULL,
    2 => NULL,
  ),
)
[ info ] [ HEADER ] array (
  'host' => '01.demo.yuanjianda.com',
  'referer' => 'http://111.230.206.148:8899/site/list',
  'cookie' => 'looyu_id=2f791010d0b535689836abafd44acfdc85_20003434%3A1',
  'x-real-ip' => '113.81.26.7',
  'connection' => 'close',
  'upgrade-insecure-requests' => '1',
  'user-agent' => 'Mozilla/5.0 (Windows NT 6.1; Win64; x64) AppleWebKit/537.36 (KHTML, like Gecko) Chrome/66.0.3359.139 Safari/537.36',
  'accept' => 'text/html,application/xhtml+xml,application/xml;q=0.9,image/webp,image/apng,*/*;q=0.8',
  'accept-language' => 'zh-CN,zh;q=0.9',
)
[ info ] [ PARAM ] array (
)
[ info ] [ DB ] INIT mysql
[ info ] [ CACHE ] INIT File
[ info ] [ RUN ] app\home\controller\Index->index[ /www/web/lirenjy/public_html/app/home/controller/Index.php ]
[ info ] [ VIEW ] /www/web/lirenjy/public_html/app/home/view/index_index.html [ array (
  0 => 'sys',
  1 => 'action',
  2 => 'controller',
  3 => 'title',
  4 => 'keywords',
  5 => 'description',
  6 => 'category',
  7 => 'adList',
  8 => 'linkList',
) ]
[ info ] [ LOG ] INIT File
[ sql ] [ DB ] CONNECT:[ UseTime:0.001102s ] mysql:host=127.0.0.1;port=3306;dbname=lirenjy;charset=utf8
[ sql ] [ SQL ] SHOW COLUMNS FROM `lz_category` [ RunTime:0.002217s ]
[ sql ] [ SQL ] SELECT * FROM `lz_category` WHERE  `id` IS NULL LIMIT 1 [ RunTime:0.000354s ]
[ sql ] [ SQL ] SHOW COLUMNS FROM `lz_ad` [ RunTime:0.001991s ]
[ sql ] [ SQL ] SELECT * FROM `lz_ad` WHERE  `type_id` = 1  AND `open` = 1 ORDER BY sort asc LIMIT 4 [ RunTime:0.000345s ]
[ sql ] [ SQL ] SHOW COLUMNS FROM `lz_article` [ RunTime:0.002095s ]
[ sql ] [ SQL ] SELECT * FROM `lz_article` WHERE  (  catId=14 ) ORDER BY id desc LIMIT 5 [ RunTime:0.015433s ]
[ sql ] [ SQL ] SHOW COLUMNS FROM `lz_student` [ RunTime:0.002537s ]
[ sql ] [ SQL ] SELECT * FROM `lz_student` ORDER BY id desc LIMIT 15 [ RunTime:0.000809s ]
[ sql ] [ SQL ] SHOW COLUMNS FROM `lz_colleges` [ RunTime:0.002557s ]
[ sql ] [ SQL ] SELECT * FROM `lz_colleges` WHERE  (  posid = 1 and catId = 22 ) ORDER BY id desc LIMIT 6 [ RunTime:0.005551s ]
[ sql ] [ SQL ] SELECT * FROM `lz_article` WHERE  (  posid = 1 and catId=14 ) ORDER BY id desc LIMIT 5 [ RunTime:0.000596s ]
[ sql ] [ SQL ] SELECT * FROM `lz_article` WHERE  (  posid = 1 and catId=16 ) ORDER BY id desc LIMIT 5 [ RunTime:0.000397s ]
[ sql ] [ SQL ] SELECT * FROM `lz_article` WHERE  (  posid = 1 and catId=17 ) ORDER BY id desc LIMIT 5 [ RunTime:0.006004s ]
[ sql ] [ SQL ] SELECT * FROM `lz_article` WHERE  (  posid = 1 and catId=18 ) ORDER BY id desc LIMIT 5 [ RunTime:0.000515s ]
[ error ] [8]未定义变量: info[/www/web/lirenjy/public_html/runtime/temp/b12d8df1954b8193b5b858153a01762a.php:7]
[ error ] [8]未定义变量: info[/www/web/lirenjy/public_html/runtime/temp/b12d8df1954b8193b5b858153a01762a.php:8]
[ error ] [8]未定义变量: info[/www/web/lirenjy/public_html/runtime/temp/b12d8df1954b8193b5b858153a01762a.php:9]
---------------------------------------------------------------
[ 2018-05-06T04:21:40+08:00 ] 112.90.82.218 GET /
[ info ] 01.demo.yuanjianda.com/ [运行时间：0.124445s][吞吐率：8.04req/s] [内存消耗：2,560.45kb] [文件加载：56]
[ info ] [ LANG ] /www/web/lirenjy/public_html/think/lang/zh-cn.php
[ info ] [ ROUTE ] array (
  'type' => 'module',
  'module' => 
  array (
    0 => '',
    1 => NULL,
    2 => NULL,
  ),
)
[ info ] [ HEADER ] array (
  'host' => '01.demo.yuanjianda.com',
  'x-real-ip' => '112.90.82.218',
  'connection' => 'close',
  'accept' => '*/*',
  'accept-language' => 'zh-cn',
  'user-agent' => 'Mozilla/5.0 (iPhone; CPU iPhone OS 9_3_4 like Mac OS X) AppleWebKit/601.1.46 (KHTML, like Gecko) Mobile/13G35 QQ/6.5.3.410 V1_IPH_SQ_6.5.3_1_APP_A Pixel/750 Core/UIWebView NetType/2G Mem/117',
)
[ info ] [ PARAM ] array (
)
[ info ] [ DB ] INIT mysql
[ info ] [ CACHE ] INIT File
[ info ] [ RUN ] app\home\controller\Index->index[ /www/web/lirenjy/public_html/app/home/controller/Index.php ]
[ info ] [ VIEW ] /www/web/lirenjy/public_html/app/home/view/index_index.html [ array (
  0 => 'sys',
  1 => 'action',
  2 => 'controller',
  3 => 'title',
  4 => 'keywords',
  5 => 'description',
  6 => 'category',
  7 => 'adList',
  8 => 'linkList',
) ]
[ info ] [ LOG ] INIT File
[ sql ] [ DB ] CONNECT:[ UseTime:0.000797s ] mysql:host=127.0.0.1;port=3306;dbname=lirenjy;charset=utf8
[ sql ] [ SQL ] SHOW COLUMNS FROM `lz_category` [ RunTime:0.002631s ]
[ sql ] [ SQL ] SELECT * FROM `lz_category` WHERE  `id` IS NULL LIMIT 1 [ RunTime:0.000486s ]
[ sql ] [ SQL ] SELECT * FROM `lz_category` WHERE  `parentid` = 0  AND `ismenu` = 1 ORDER BY `listorder` [ RunTime:0.001490s ]
[ sql ] [ SQL ] SELECT * FROM `lz_category` WHERE  `ismenu` = 1 ORDER BY `listorder` [ RunTime:0.000505s ]
[ sql ] [ SQL ] SHOW COLUMNS FROM `lz_ad` [ RunTime:0.002079s ]
[ sql ] [ SQL ] SELECT * FROM `lz_ad` WHERE  `type_id` = 1  AND `open` = 1 ORDER BY sort asc LIMIT 4 [ RunTime:0.000292s ]
[ sql ] [ SQL ] SHOW COLUMNS FROM `lz_link` [ RunTime:0.002564s ]
[ sql ] [ SQL ] SELECT * FROM `lz_link` WHERE  `open` = 1 ORDER BY sort asc [ RunTime:0.001171s ]
[ sql ] [ SQL ] SHOW COLUMNS FROM `lz_article` [ RunTime:0.002643s ]
[ sql ] [ SQL ] SELECT * FROM `lz_article` WHERE  (  catId=14 ) ORDER BY id desc LIMIT 5 [ RunTime:0.000816s ]
[ sql ] [ SQL ] SHOW COLUMNS FROM `lz_student` [ RunTime:0.001646s ]
[ sql ] [ SQL ] SELECT * FROM `lz_student` ORDER BY id desc LIMIT 15 [ RunTime:0.000267s ]
[ sql ] [ SQL ] SHOW COLUMNS FROM `lz_colleges` [ RunTime:0.001706s ]
[ sql ] [ SQL ] SELECT * FROM `lz_colleges` WHERE  (  posid = 1 and catId = 22 ) ORDER BY id desc LIMIT 6 [ RunTime:0.004866s ]
[ sql ] [ SQL ] SELECT * FROM `lz_article` WHERE  (  posid = 1 and catId=14 ) ORDER BY id desc LIMIT 5 [ RunTime:0.000753s ]
[ sql ] [ SQL ] SELECT * FROM `lz_article` WHERE  (  posid = 1 and catId=16 ) ORDER BY id desc LIMIT 5 [ RunTime:0.000512s ]
[ sql ] [ SQL ] SELECT * FROM `lz_article` WHERE  (  posid = 1 and catId=17 ) ORDER BY id desc LIMIT 5 [ RunTime:0.005136s ]
[ sql ] [ SQL ] SELECT * FROM `lz_article` WHERE  (  posid = 1 and catId=18 ) ORDER BY id desc LIMIT 5 [ RunTime:0.000491s ]
[ error ] [8]未定义变量: info[/www/web/lirenjy/public_html/runtime/temp/b12d8df1954b8193b5b858153a01762a.php:7]
[ error ] [8]未定义变量: info[/www/web/lirenjy/public_html/runtime/temp/b12d8df1954b8193b5b858153a01762a.php:8]
[ error ] [8]未定义变量: info[/www/web/lirenjy/public_html/runtime/temp/b12d8df1954b8193b5b858153a01762a.php:9]
