---------------------------------------------------------------
[ 2018-05-10T00:10:00+08:00 ] 113.81.24.152 GET /user/index/
[ info ] 01.demo.yuanjianda.com/user/index/ [运行时间：0.064253s][吞吐率：15.56req/s] [内存消耗：2,343.69kb] [文件加载：50]
[ info ] [ LANG ] /www/web/lirenjy/public_html/think/lang/zh-cn.php
[ info ] [ ROUTE ] array (
  'type' => 'module',
  'module' => 
  array (
    0 => 'user',
    1 => 'index',
    2 => NULL,
  ),
)
[ info ] [ HEADER ] array (
  'host' => '01.demo.yuanjianda.com',
  'cookie' => 'PHPSESSID=qg8igppf5grhon3g5fht3s1aft',
  'x-real-ip' => '113.81.24.152',
  'connection' => 'close',
  'accept' => 'text/html,application/xhtml+xml,application/xml;q=0.9,*/*;q=0.8',
  'upgrade-insecure-requests' => '1',
  'user-agent' => 'Mozilla/5.0 (iPhone; CPU iPhone OS 11_0 like Mac OS X) AppleWebKit/604.1.38 (KHTML, like Gecko) Mobile/15A372 MicroMessenger/6.6.6 NetType/WIFI Language/zh_CN',
  'accept-language' => 'zh-cn',
)
[ info ] [ PARAM ] array (
)
[ info ] [ SESSION ] INIT array (
  'id' => '',
  'var_session_id' => '',
  'prefix' => 'think',
  'type' => '',
  'auto_start' => true,
)
[ info ] [ RUN ] app\user\controller\Index->index[ /www/web/lirenjy/public_html/app/user/controller/Index.php ]
[ info ] [ DB ] INIT mysql
[ info ] [ VIEW ] /www/web/lirenjy/public_html/app/user/view/index/index.html [ array (
  0 => 'title',
  1 => 'num',
) ]
[ info ] [ LOG ] INIT File
[ sql ] [ DB ] CONNECT:[ UseTime:0.000513s ] mysql:host=localhost;port=3306;dbname=lirenjy;charset=utf8
[ sql ] [ SQL ] SHOW COLUMNS FROM `lz_messages` [ RunTime:0.002096s ]
[ sql ] [ SQL ] SELECT COUNT(*) AS tp_count FROM `lz_messages` WHERE  `user_id` = 2603 OR `user_id` IS NULL LIMIT 1 [ RunTime:0.000508s ]
[ sql ] [ SQL ] SHOW COLUMNS FROM `lz_messages_record` [ RunTime:0.002034s ]
[ sql ] [ SQL ] SELECT * FROM `lz_messages_record` WHERE  `user_id` = 2603 LIMIT 1 [ RunTime:0.000273s ]
[ error ] [8]未定义变量: userInfo[/www/web/lirenjy/public_html/runtime/temp/1031cee072629f72ec690b1acf56180b.php:143]
[ error ] [8]未定义变量: userInfo[/www/web/lirenjy/public_html/runtime/temp/1031cee072629f72ec690b1acf56180b.php:146]
[ error ] [8]未定义变量: userInfo[/www/web/lirenjy/public_html/runtime/temp/1031cee072629f72ec690b1acf56180b.php:149]
[ error ] [8]未定义变量: userInfo[/www/web/lirenjy/public_html/runtime/temp/1031cee072629f72ec690b1acf56180b.php:149]
[ error ] [8]未定义变量: userInfo[/www/web/lirenjy/public_html/runtime/temp/1031cee072629f72ec690b1acf56180b.php:156]
[ error ] [8]未定义变量: userInfo[/www/web/lirenjy/public_html/runtime/temp/1031cee072629f72ec690b1acf56180b.php:157]
[ error ] [8]未定义变量: userInfo[/www/web/lirenjy/public_html/runtime/temp/1031cee072629f72ec690b1acf56180b.php:161]
---------------------------------------------------------------
[ 2018-05-10T00:10:02+08:00 ] 113.81.24.152 GET /user/index/messages
[ info ] 01.demo.yuanjianda.com/user/index/messages [运行时间：0.038101s][吞吐率：26.25req/s] [内存消耗：2,300.70kb] [文件加载：47]
[ info ] [ LANG ] /www/web/lirenjy/public_html/think/lang/zh-cn.php
[ info ] [ ROUTE ] array (
  'type' => 'module',
  'module' => 
  array (
    0 => 'user',
    1 => 'index',
    2 => 'messages',
  ),
)
[ info ] [ HEADER ] array (
  'host' => '01.demo.yuanjianda.com',
  'referer' => 'http://01.demo.yuanjianda.com/user/index/',
  'cookie' => 'PHPSESSID=qg8igppf5grhon3g5fht3s1aft',
  'x-real-ip' => '113.81.24.152',
  'connection' => 'close',
  'upgrade-insecure-requests' => '1',
  'accept' => 'text/html,application/xhtml+xml,application/xml;q=0.9,*/*;q=0.8',
  'user-agent' => 'Mozilla/5.0 (iPhone; CPU iPhone OS 11_0 like Mac OS X) AppleWebKit/604.1.38 (KHTML, like Gecko) Mobile/15A372 MicroMessenger/6.6.6 NetType/WIFI Language/zh_CN',
  'accept-language' => 'zh-cn',
)
[ info ] [ PARAM ] array (
)
[ info ] [ SESSION ] INIT array (
  'id' => '',
  'var_session_id' => '',
  'prefix' => 'think',
  'type' => '',
  'auto_start' => true,
)
[ info ] [ RUN ] app\user\controller\Index->messages[ /www/web/lirenjy/public_html/app/user/controller/Index.php ]
[ info ] [ DB ] INIT mysql
[ info ] [ VIEW ] /www/web/lirenjy/public_html/app/user/view/index/messages.html [ array (
  0 => 'title',
  1 => 'list',
) ]
[ info ] [ LOG ] INIT File
[ sql ] [ DB ] CONNECT:[ UseTime:0.000246s ] mysql:host=localhost;port=3306;dbname=lirenjy;charset=utf8
[ sql ] [ SQL ] SHOW COLUMNS FROM `lz_messages` [ RunTime:0.000901s ]
[ sql ] [ SQL ] SELECT * FROM `lz_messages` WHERE  `user_id` = 2603 OR `user_id` IS NULL ORDER BY addtime desc [ RunTime:0.000387s ]
[ sql ] [ SQL ] SHOW COLUMNS FROM `lz_messages_record` [ RunTime:0.000660s ]
[ sql ] [ SQL ] SELECT * FROM `lz_messages_record` WHERE  `user_id` = 2603 LIMIT 1 [ RunTime:0.000192s ]
[ sql ] [ SQL ] UPDATE `lz_messages_record`  SET `user_id`=2603,`record`='a:22:{i:0;i:34;i:1;i:33;i:2;i:32;i:3;i:31;i:4;i:29;i:5;i:28;i:6;i:25;i:7;i:24;i:8;i:23;i:9;i:21;i:10;i:20;i:11;i:19;i:12;i:17;i:13;i:8;i:14;i:9;i:15;i:10;i:16;i:11;i:17;i:12;i:18;i:13;i:19;i:14;i:20;i:15;i:21;i:16;}'  WHERE  `user_id` = 2603 [ RunTime:0.009385s ]
---------------------------------------------------------------
[ 2018-05-10T00:10:05+08:00 ] 113.81.24.152 GET /user/index/education_list
[ info ] 01.demo.yuanjianda.com/user/index/education_list [运行时间：0.028530s][吞吐率：35.05req/s] [内存消耗：2,370.52kb] [文件加载：48]
[ info ] [ LANG ] /www/web/lirenjy/public_html/think/lang/zh-cn.php
[ info ] [ ROUTE ] array (
  'type' => 'module',
  'module' => 
  array (
    0 => 'user',
    1 => 'index',
    2 => 'education_list',
  ),
)
[ info ] [ HEADER ] array (
  'host' => '01.demo.yuanjianda.com',
  'referer' => 'http://01.demo.yuanjianda.com/user/index/',
  'cookie' => 'PHPSESSID=qg8igppf5grhon3g5fht3s1aft',
  'x-real-ip' => '113.81.24.152',
  'connection' => 'close',
  'upgrade-insecure-requests' => '1',
  'accept' => 'text/html,application/xhtml+xml,application/xml;q=0.9,*/*;q=0.8',
  'user-agent' => 'Mozilla/5.0 (iPhone; CPU iPhone OS 11_0 like Mac OS X) AppleWebKit/604.1.38 (KHTML, like Gecko) Mobile/15A372 MicroMessenger/6.6.6 NetType/WIFI Language/zh_CN',
  'accept-language' => 'zh-cn',
)
[ info ] [ PARAM ] array (
)
[ info ] [ SESSION ] INIT array (
  'id' => '',
  'var_session_id' => '',
  'prefix' => 'think',
  'type' => '',
  'auto_start' => true,
)
[ info ] [ RUN ] app\user\controller\Index->education_list[ /www/web/lirenjy/public_html/app/user/controller/Index.php ]
[ info ] [ DB ] INIT mysql
[ info ] [ VIEW ] /www/web/lirenjy/public_html/app/user/view/index/education_list.html [ array (
  0 => 'title',
  1 => 'list',
) ]
[ info ] [ LOG ] INIT File
[ sql ] [ DB ] CONNECT:[ UseTime:0.000214s ] mysql:host=localhost;port=3306;dbname=lirenjy;charset=utf8
[ sql ] [ SQL ] SHOW COLUMNS FROM `lz_users_formal` [ RunTime:0.001605s ]
[ sql ] [ SQL ] SELECT `id`,`university`,`university_course`,`addtime`,`state` FROM `lz_users_formal` WHERE  `user_id` = 2603 ORDER BY addtime desc [ RunTime:0.000439s ]
---------------------------------------------------------------
[ 2018-05-10T00:10:06+08:00 ] 113.81.24.152 GET /user/index/pay
[ info ] 01.demo.yuanjianda.com/user/index/pay [运行时间：0.025821s][吞吐率：38.73req/s] [内存消耗：2,328.48kb] [文件加载：47]
[ info ] [ LANG ] /www/web/lirenjy/public_html/think/lang/zh-cn.php
[ info ] [ ROUTE ] array (
  'type' => 'module',
  'module' => 
  array (
    0 => 'user',
    1 => 'index',
    2 => 'pay',
  ),
)
[ info ] [ HEADER ] array (
  'host' => '01.demo.yuanjianda.com',
  'referer' => 'http://01.demo.yuanjianda.com/user/index/',
  'cookie' => 'PHPSESSID=qg8igppf5grhon3g5fht3s1aft',
  'x-real-ip' => '113.81.24.152',
  'connection' => 'close',
  'upgrade-insecure-requests' => '1',
  'accept' => 'text/html,application/xhtml+xml,application/xml;q=0.9,*/*;q=0.8',
  'user-agent' => 'Mozilla/5.0 (iPhone; CPU iPhone OS 11_0 like Mac OS X) AppleWebKit/604.1.38 (KHTML, like Gecko) Mobile/15A372 MicroMessenger/6.6.6 NetType/WIFI Language/zh_CN',
  'accept-language' => 'zh-cn',
)
[ info ] [ PARAM ] array (
)
[ info ] [ SESSION ] INIT array (
  'id' => '',
  'var_session_id' => '',
  'prefix' => 'think',
  'type' => '',
  'auto_start' => true,
)
[ info ] [ RUN ] app\user\controller\Index->pay[ /www/web/lirenjy/public_html/app/user/controller/Index.php ]
[ info ] [ DB ] INIT mysql
[ info ] [ VIEW ] /www/web/lirenjy/public_html/app/user/view/index/pay.html [ array (
  0 => 'title',
  1 => 'list',
) ]
[ info ] [ LOG ] INIT File
[ sql ] [ DB ] CONNECT:[ UseTime:0.000246s ] mysql:host=localhost;port=3306;dbname=lirenjy;charset=utf8
[ sql ] [ SQL ] SHOW COLUMNS FROM `lz_users_formal` [ RunTime:0.000976s ]
[ sql ] [ SQL ] SELECT `id`,`university`,`tuition`,`f_date`,`f_date_num`,`f_money`,`s_date`,`s_date_num`,`s_money`,`t_date`,`t_date_num`,`t_money`,`addtime` FROM `lz_users_formal` WHERE  `user_id` = 2603 ORDER BY addtime desc [ RunTime:0.000368s ]
---------------------------------------------------------------
[ 2018-05-10T00:10:08+08:00 ] 113.81.24.152 GET /user/index/contract_content_list
[ info ] 01.demo.yuanjianda.com/user/index/contract_content_list [运行时间：0.027879s][吞吐率：35.87req/s] [内存消耗：2,366.54kb] [文件加载：48]
[ info ] [ LANG ] /www/web/lirenjy/public_html/think/lang/zh-cn.php
[ info ] [ ROUTE ] array (
  'type' => 'module',
  'module' => 
  array (
    0 => 'user',
    1 => 'index',
    2 => 'contract_content_list',
  ),
)
[ info ] [ HEADER ] array (
  'host' => '01.demo.yuanjianda.com',
  'referer' => 'http://01.demo.yuanjianda.com/user/index/',
  'cookie' => 'PHPSESSID=qg8igppf5grhon3g5fht3s1aft',
  'x-real-ip' => '113.81.24.152',
  'connection' => 'close',
  'upgrade-insecure-requests' => '1',
  'accept' => 'text/html,application/xhtml+xml,application/xml;q=0.9,*/*;q=0.8',
  'user-agent' => 'Mozilla/5.0 (iPhone; CPU iPhone OS 11_0 like Mac OS X) AppleWebKit/604.1.38 (KHTML, like Gecko) Mobile/15A372 MicroMessenger/6.6.6 NetType/WIFI Language/zh_CN',
  'accept-language' => 'zh-cn',
)
[ info ] [ PARAM ] array (
)
[ info ] [ SESSION ] INIT array (
  'id' => '',
  'var_session_id' => '',
  'prefix' => 'think',
  'type' => '',
  'auto_start' => true,
)
[ info ] [ RUN ] app\user\controller\Index->contract_content_list[ /www/web/lirenjy/public_html/app/user/controller/Index.php ]
[ info ] [ DB ] INIT mysql
[ info ] [ VIEW ] /www/web/lirenjy/public_html/app/user/view/index/contract_content_list.html [ array (
  0 => 'title',
  1 => 'list',
) ]
[ info ] [ LOG ] INIT File
[ sql ] [ DB ] CONNECT:[ UseTime:0.000230s ] mysql:host=localhost;port=3306;dbname=lirenjy;charset=utf8
[ sql ] [ SQL ] SHOW COLUMNS FROM `lz_apply` [ RunTime:0.001227s ]
[ sql ] [ SQL ] SELECT * FROM `lz_apply` WHERE  `user_id` = 2603  AND `state` = 1 LIMIT 1 [ RunTime:0.000279s ]
[ sql ] [ SQL ] SHOW COLUMNS FROM `lz_signature` [ RunTime:0.000740s ]
[ sql ] [ SQL ] SELECT `a`.`id`,`a`.`addtime`,`a`.`signature_num`,`b`.`id`,`b`.`university` FROM `lz_signature` `a` INNER JOIN `lz_apply` `b` ON `a`.`id`=`b`.`id` WHERE  `a`.`user_id` = 2603 ORDER BY a.addtime desc [ RunTime:0.000285s ]
---------------------------------------------------------------
[ 2018-05-10T00:10:10+08:00 ] 113.81.24.152 GET /user/index/photos
[ info ] 01.demo.yuanjianda.com/user/index/photos [运行时间：0.026439s][吞吐率：37.82req/s] [内存消耗：2,396.60kb] [文件加载：51]
[ info ] [ LANG ] /www/web/lirenjy/public_html/think/lang/zh-cn.php
[ info ] [ ROUTE ] array (
  'type' => 'module',
  'module' => 
  array (
    0 => 'user',
    1 => 'index',
    2 => 'photos',
  ),
)
[ info ] [ HEADER ] array (
  'host' => '01.demo.yuanjianda.com',
  'referer' => 'http://01.demo.yuanjianda.com/user/index/',
  'cookie' => 'PHPSESSID=qg8igppf5grhon3g5fht3s1aft',
  'x-real-ip' => '113.81.24.152',
  'connection' => 'close',
  'upgrade-insecure-requests' => '1',
  'accept' => 'text/html,application/xhtml+xml,application/xml;q=0.9,*/*;q=0.8',
  'user-agent' => 'Mozilla/5.0 (iPhone; CPU iPhone OS 11_0 like Mac OS X) AppleWebKit/604.1.38 (KHTML, like Gecko) Mobile/15A372 MicroMessenger/6.6.6 NetType/WIFI Language/zh_CN',
  'accept-language' => 'zh-cn',
)
[ info ] [ PARAM ] array (
)
[ info ] [ SESSION ] INIT array (
  'id' => '',
  'var_session_id' => '',
  'prefix' => 'think',
  'type' => '',
  'auto_start' => true,
)
[ info ] [ RUN ] app\user\controller\Index->photos[ /www/web/lirenjy/public_html/app/user/controller/Index.php ]
[ info ] [ DB ] INIT mysql
[ info ] [ VIEW ] /www/web/lirenjy/public_html/app/user/view/index/photos.html [ array (
  0 => 'info',
) ]
[ info ] [ LOG ] INIT File
[ sql ] [ DB ] CONNECT:[ UseTime:0.000222s ] mysql:host=localhost;port=3306;dbname=lirenjy;charset=utf8
[ sql ] [ SQL ] SHOW COLUMNS FROM `lz_credentials` [ RunTime:0.001074s ]
[ sql ] [ SQL ] SELECT `user_id`,`enregister_state`,`idcard_state`,`f_idcard_state`,`graduate_state`,`verification_state`,`work_state` FROM `lz_credentials` WHERE  `user_id` = 2603 LIMIT 1 [ RunTime:0.000247s ]
[ error ] [8]未定义变量: title[/www/web/lirenjy/public_html/runtime/temp/c8ac8812cf25adbb580884980b1159cc.php:6]
[ error ] [8]未定义变量: title[/www/web/lirenjy/public_html/runtime/temp/c8ac8812cf25adbb580884980b1159cc.php:8]
[ error ] [8]未定义变量: title[/www/web/lirenjy/public_html/runtime/temp/c8ac8812cf25adbb580884980b1159cc.php:9]
---------------------------------------------------------------
[ 2018-05-10T00:10:16+08:00 ] 113.81.24.152 GET /user/index/education_list
[ info ] 01.demo.yuanjianda.com/user/index/education_list [运行时间：0.029322s][吞吐率：34.10req/s] [内存消耗：2,370.52kb] [文件加载：48]
[ info ] [ LANG ] /www/web/lirenjy/public_html/think/lang/zh-cn.php
[ info ] [ ROUTE ] array (
  'type' => 'module',
  'module' => 
  array (
    0 => 'user',
    1 => 'index',
    2 => 'education_list',
  ),
)
[ info ] [ HEADER ] array (
  'host' => '01.demo.yuanjianda.com',
  'referer' => 'http://01.demo.yuanjianda.com/user/index/',
  'cookie' => 'PHPSESSID=qg8igppf5grhon3g5fht3s1aft',
  'x-real-ip' => '113.81.24.152',
  'connection' => 'close',
  'upgrade-insecure-requests' => '1',
  'accept' => 'text/html,application/xhtml+xml,application/xml;q=0.9,*/*;q=0.8',
  'user-agent' => 'Mozilla/5.0 (iPhone; CPU iPhone OS 11_0 like Mac OS X) AppleWebKit/604.1.38 (KHTML, like Gecko) Mobile/15A372 MicroMessenger/6.6.6 NetType/WIFI Language/zh_CN',
  'accept-language' => 'zh-cn',
)
[ info ] [ PARAM ] array (
)
[ info ] [ SESSION ] INIT array (
  'id' => '',
  'var_session_id' => '',
  'prefix' => 'think',
  'type' => '',
  'auto_start' => true,
)
[ info ] [ RUN ] app\user\controller\Index->education_list[ /www/web/lirenjy/public_html/app/user/controller/Index.php ]
[ info ] [ DB ] INIT mysql
[ info ] [ VIEW ] /www/web/lirenjy/public_html/app/user/view/index/education_list.html [ array (
  0 => 'title',
  1 => 'list',
) ]
[ info ] [ LOG ] INIT File
[ sql ] [ DB ] CONNECT:[ UseTime:0.000353s ] mysql:host=localhost;port=3306;dbname=lirenjy;charset=utf8
[ sql ] [ SQL ] SHOW COLUMNS FROM `lz_users_formal` [ RunTime:0.001140s ]
[ sql ] [ SQL ] SELECT `id`,`university`,`university_course`,`addtime`,`state` FROM `lz_users_formal` WHERE  `user_id` = 2603 ORDER BY addtime desc [ RunTime:0.000374s ]
---------------------------------------------------------------
[ 2018-05-10T00:10:18+08:00 ] 113.81.24.152 GET /user/index/education_list
[ info ] 01.demo.yuanjianda.com/user/index/education_list [运行时间：0.032020s][吞吐率：31.23req/s] [内存消耗：2,370.52kb] [文件加载：48]
[ info ] [ LANG ] /www/web/lirenjy/public_html/think/lang/zh-cn.php
[ info ] [ ROUTE ] array (
  'type' => 'module',
  'module' => 
  array (
    0 => 'user',
    1 => 'index',
    2 => 'education_list',
  ),
)
[ info ] [ HEADER ] array (
  'host' => '01.demo.yuanjianda.com',
  'referer' => 'http://01.demo.yuanjianda.com/user/index/',
  'cookie' => 'PHPSESSID=qg8igppf5grhon3g5fht3s1aft',
  'x-real-ip' => '113.81.24.152',
  'connection' => 'close',
  'upgrade-insecure-requests' => '1',
  'accept' => 'text/html,application/xhtml+xml,application/xml;q=0.9,*/*;q=0.8',
  'user-agent' => 'Mozilla/5.0 (iPhone; CPU iPhone OS 11_0 like Mac OS X) AppleWebKit/604.1.38 (KHTML, like Gecko) Mobile/15A372 MicroMessenger/6.6.6 NetType/WIFI Language/zh_CN',
  'accept-language' => 'zh-cn',
)
[ info ] [ PARAM ] array (
)
[ info ] [ SESSION ] INIT array (
  'id' => '',
  'var_session_id' => '',
  'prefix' => 'think',
  'type' => '',
  'auto_start' => true,
)
[ info ] [ RUN ] app\user\controller\Index->education_list[ /www/web/lirenjy/public_html/app/user/controller/Index.php ]
[ info ] [ DB ] INIT mysql
[ info ] [ VIEW ] /www/web/lirenjy/public_html/app/user/view/index/education_list.html [ array (
  0 => 'title',
  1 => 'list',
) ]
[ info ] [ LOG ] INIT File
[ sql ] [ DB ] CONNECT:[ UseTime:0.000279s ] mysql:host=localhost;port=3306;dbname=lirenjy;charset=utf8
[ sql ] [ SQL ] SHOW COLUMNS FROM `lz_users_formal` [ RunTime:0.001421s ]
[ sql ] [ SQL ] SELECT `id`,`university`,`university_course`,`addtime`,`state` FROM `lz_users_formal` WHERE  `user_id` = 2603 ORDER BY addtime desc [ RunTime:0.000481s ]
---------------------------------------------------------------
[ 2018-05-10T00:10:19+08:00 ] 113.81.24.152 GET /user/index/education/id/11.html
[ info ] 01.demo.yuanjianda.com/user/index/education/id/11.html [运行时间：0.026975s][吞吐率：37.07req/s] [内存消耗：2,391.15kb] [文件加载：50]
[ info ] [ LANG ] /www/web/lirenjy/public_html/think/lang/zh-cn.php
[ info ] [ ROUTE ] array (
  'type' => 'module',
  'module' => 
  array (
    0 => 'user',
    1 => 'index',
    2 => 'education',
  ),
)
[ info ] [ HEADER ] array (
  'host' => '01.demo.yuanjianda.com',
  'referer' => 'http://01.demo.yuanjianda.com/user/index/education_list',
  'cookie' => 'PHPSESSID=qg8igppf5grhon3g5fht3s1aft',
  'x-real-ip' => '113.81.24.152',
  'connection' => 'close',
  'upgrade-insecure-requests' => '1',
  'accept' => 'text/html,application/xhtml+xml,application/xml;q=0.9,*/*;q=0.8',
  'user-agent' => 'Mozilla/5.0 (iPhone; CPU iPhone OS 11_0 like Mac OS X) AppleWebKit/604.1.38 (KHTML, like Gecko) Mobile/15A372 MicroMessenger/6.6.6 NetType/WIFI Language/zh_CN',
  'accept-language' => 'zh-cn',
)
[ info ] [ PARAM ] array (
  'id' => '11',
)
[ info ] [ SESSION ] INIT array (
  'id' => '',
  'var_session_id' => '',
  'prefix' => 'think',
  'type' => '',
  'auto_start' => true,
)
[ info ] [ RUN ] app\user\controller\Index->education[ /www/web/lirenjy/public_html/app/user/controller/Index.php ]
[ info ] [ DB ] INIT mysql
[ info ] [ VIEW ] /www/web/lirenjy/public_html/app/user/view/index/education.html [ array (
  0 => 'title',
  1 => 'list',
) ]
[ info ] [ LOG ] INIT File
[ sql ] [ DB ] CONNECT:[ UseTime:0.000290s ] mysql:host=localhost;port=3306;dbname=lirenjy;charset=utf8
[ sql ] [ SQL ] SHOW COLUMNS FROM `lz_users_formal` [ RunTime:0.001053s ]
[ sql ] [ SQL ] SELECT * FROM `lz_users_formal` WHERE  `id` = 11 LIMIT 1 [ RunTime:0.000405s ]
[ error ] [8]未定义变量: userInfo[/www/web/lirenjy/public_html/runtime/temp/ea5796c7098a2b24137928e8b0f42159.php:209]
[ error ] [8]未定义变量: userInfo[/www/web/lirenjy/public_html/runtime/temp/ea5796c7098a2b24137928e8b0f42159.php:212]
[ error ] [8]未定义变量: userInfo[/www/web/lirenjy/public_html/runtime/temp/ea5796c7098a2b24137928e8b0f42159.php:215]
[ error ] [8]未定义变量: userInfo[/www/web/lirenjy/public_html/runtime/temp/ea5796c7098a2b24137928e8b0f42159.php:215]
[ error ] [8]未定义变量: userInfo[/www/web/lirenjy/public_html/runtime/temp/ea5796c7098a2b24137928e8b0f42159.php:222]
[ error ] [8]未定义变量: userInfo[/www/web/lirenjy/public_html/runtime/temp/ea5796c7098a2b24137928e8b0f42159.php:223]
[ error ] [8]未定义变量: userInfo[/www/web/lirenjy/public_html/runtime/temp/ea5796c7098a2b24137928e8b0f42159.php:227]
---------------------------------------------------------------
[ 2018-05-10T00:10:31+08:00 ] 113.81.24.152 GET /user/index/
[ info ] 01.demo.yuanjianda.com/user/index/ [运行时间：0.028904s][吞吐率：34.60req/s] [内存消耗：2,343.70kb] [文件加载：50]
[ info ] [ LANG ] /www/web/lirenjy/public_html/think/lang/zh-cn.php
[ info ] [ ROUTE ] array (
  'type' => 'module',
  'module' => 
  array (
    0 => 'user',
    1 => 'index',
    2 => NULL,
  ),
)
[ info ] [ HEADER ] array (
  'host' => '01.demo.yuanjianda.com',
  'cookie' => 'PHPSESSID=qg8igppf5grhon3g5fht3s1aft',
  'x-real-ip' => '113.81.24.152',
  'connection' => 'close',
  'accept' => 'text/html,application/xhtml+xml,application/xml;q=0.9,*/*;q=0.8',
  'upgrade-insecure-requests' => '1',
  'user-agent' => 'Mozilla/5.0 (iPhone; CPU iPhone OS 11_0 like Mac OS X) AppleWebKit/604.1.38 (KHTML, like Gecko) Mobile/15A372 MicroMessenger/6.6.6 NetType/WIFI Language/zh_CN',
  'accept-language' => 'zh-cn',
)
[ info ] [ PARAM ] array (
)
[ info ] [ SESSION ] INIT array (
  'id' => '',
  'var_session_id' => '',
  'prefix' => 'think',
  'type' => '',
  'auto_start' => true,
)
[ info ] [ RUN ] app\user\controller\Index->index[ /www/web/lirenjy/public_html/app/user/controller/Index.php ]
[ info ] [ DB ] INIT mysql
[ info ] [ VIEW ] /www/web/lirenjy/public_html/app/user/view/index/index.html [ array (
  0 => 'title',
  1 => 'num',
) ]
[ info ] [ LOG ] INIT File
[ sql ] [ DB ] CONNECT:[ UseTime:0.000438s ] mysql:host=localhost;port=3306;dbname=lirenjy;charset=utf8
[ sql ] [ SQL ] SHOW COLUMNS FROM `lz_messages` [ RunTime:0.001191s ]
[ sql ] [ SQL ] SELECT COUNT(*) AS tp_count FROM `lz_messages` WHERE  `user_id` = 2603 OR `user_id` IS NULL LIMIT 1 [ RunTime:0.000467s ]
[ sql ] [ SQL ] SHOW COLUMNS FROM `lz_messages_record` [ RunTime:0.000686s ]
[ sql ] [ SQL ] SELECT * FROM `lz_messages_record` WHERE  `user_id` = 2603 LIMIT 1 [ RunTime:0.000188s ]
[ error ] [8]未定义变量: userInfo[/www/web/lirenjy/public_html/runtime/temp/1031cee072629f72ec690b1acf56180b.php:143]
[ error ] [8]未定义变量: userInfo[/www/web/lirenjy/public_html/runtime/temp/1031cee072629f72ec690b1acf56180b.php:146]
[ error ] [8]未定义变量: userInfo[/www/web/lirenjy/public_html/runtime/temp/1031cee072629f72ec690b1acf56180b.php:149]
[ error ] [8]未定义变量: userInfo[/www/web/lirenjy/public_html/runtime/temp/1031cee072629f72ec690b1acf56180b.php:149]
[ error ] [8]未定义变量: userInfo[/www/web/lirenjy/public_html/runtime/temp/1031cee072629f72ec690b1acf56180b.php:156]
[ error ] [8]未定义变量: userInfo[/www/web/lirenjy/public_html/runtime/temp/1031cee072629f72ec690b1acf56180b.php:157]
[ error ] [8]未定义变量: userInfo[/www/web/lirenjy/public_html/runtime/temp/1031cee072629f72ec690b1acf56180b.php:161]
---------------------------------------------------------------
[ 2018-05-10T00:11:19+08:00 ] 61.151.226.67 GET /user/index/education/id/11.html
[ info ] 01.demo.yuanjianda.com/user/index/education/id/11.html [运行时间：0.016415s][吞吐率：60.92req/s] [内存消耗：1,627.45kb] [文件加载：42]
[ info ] [ LANG ] /www/web/lirenjy/public_html/think/lang/zh-cn.php
[ info ] [ ROUTE ] array (
  'type' => 'module',
  'module' => 
  array (
    0 => 'user',
    1 => 'index',
    2 => 'education',
  ),
)
[ info ] [ HEADER ] array (
  'host' => '01.demo.yuanjianda.com',
  'x-real-ip' => '61.151.226.67',
  'connection' => 'close',
  'user-agent' => 'Mozilla/5.0 (Linux; Android 4.4.4; Coolpad Y82-520 Build/KTU84P) AppleWebKit/537.36 (KHTML, like Gecko) Version/4.0 Chrome/33.0.0.0 Mobile Safari/537.36 MicroMessenger/6.5.4.1000 NetType/4G Language/zh_CN',
  'accept' => '*/*',
  'accept-language' => 'zh-CN,zh;q=0.8,en-US;q=0.6,en;q=0.4',
)
[ info ] [ PARAM ] array (
  'id' => '11',
)
[ info ] [ SESSION ] INIT array (
  'id' => '',
  'var_session_id' => '',
  'prefix' => 'think',
  'type' => '',
  'auto_start' => true,
)
[ info ] [ LOG ] INIT File
---------------------------------------------------------------
[ 2018-05-10T01:39:40+08:00 ] 163.177.90.152 GET /admin/members/from_data
[ info ] 01.demo.yuanjianda.com/admin/members/from_data [运行时间：0.023261s][吞吐率：42.99req/s] [内存消耗：1,600.40kb] [文件加载：43]
[ info ] [ LANG ] /www/web/lirenjy/public_html/think/lang/zh-cn.php
[ info ] [ ROUTE ] array (
  'type' => 'module',
  'module' => 
  array (
    0 => 'admin',
    1 => 'members',
    2 => 'from_data',
  ),
)
[ info ] [ HEADER ] array (
  'host' => '01.demo.yuanjianda.com',
  'x-real-ip' => '163.177.90.152',
  'connection' => 'close',
  'accept' => '*/*',
  'accept-language' => 'zh-cn',
  'user-agent' => 'Mozilla/5.0 (iPhone; CPU iPhone OS 9_3_4 like Mac OS X) AppleWebKit/601.1.46 (KHTML, like Gecko) Mobile/13G35 QQ/6.5.3.410 V1_IPH_SQ_6.5.3_1_APP_A Pixel/750 Core/UIWebView NetType/2G Mem/117',
)
[ info ] [ PARAM ] array (
)
[ info ] [ LANG ] /www/web/lirenjy/public_html/app/admin/lang/zh-cn.php
[ info ] [ SESSION ] INIT array (
  'id' => '',
  'var_session_id' => '',
  'prefix' => 'think',
  'type' => '',
  'auto_start' => true,
)
[ info ] [ LOG ] INIT File
---------------------------------------------------------------
[ 2018-05-10T01:39:40+08:00 ] 163.177.90.152 GET /admin/login/index.html
[ info ] 01.demo.yuanjianda.com/admin/login/index.html [运行时间：0.021495s][吞吐率：46.52req/s] [内存消耗：1,553.02kb] [文件加载：42]
[ info ] [ LANG ] /www/web/lirenjy/public_html/think/lang/zh-cn.php
[ info ] [ ROUTE ] array (
  'type' => 'module',
  'module' => 
  array (
    0 => 'admin',
    1 => 'login',
    2 => 'index',
  ),
)
[ info ] [ HEADER ] array (
  'host' => '01.demo.yuanjianda.com',
  'referer' => 'http://01.demo.yuanjianda.com/admin/members/from_data',
  'x-real-ip' => '163.177.90.152',
  'connection' => 'close',
  'accept' => '*/*',
  'accept-language' => 'zh-cn',
  'user-agent' => 'Mozilla/5.0 (iPhone; CPU iPhone OS 9_3_4 like Mac OS X) AppleWebKit/601.1.46 (KHTML, like Gecko) Mobile/13G35 QQ/6.5.3.410 V1_IPH_SQ_6.5.3_1_APP_A Pixel/750 Core/UIWebView NetType/2G Mem/117',
)
[ info ] [ PARAM ] array (
)
[ info ] [ LANG ] /www/web/lirenjy/public_html/app/admin/lang/zh-cn.php
[ info ] [ SESSION ] INIT array (
  'id' => '',
  'var_session_id' => '',
  'prefix' => 'think',
  'type' => '',
  'auto_start' => true,
)
[ info ] [ RUN ] app\admin\controller\Login->index[ /www/web/lirenjy/public_html/app/admin/controller/Login.php ]
[ info ] [ VIEW ] /www/web/lirenjy/public_html/app/admin/view/login/index.html [ array (
) ]
[ info ] [ LOG ] INIT File
---------------------------------------------------------------
[ 2018-05-10T03:01:52+08:00 ] 101.226.68.215 GET /user/index/photos
[ info ] 01.demo.yuanjianda.com/user/index/photos [运行时间：0.020573s][吞吐率：48.61req/s] [内存消耗：1,626.53kb] [文件加载：42]
[ info ] [ LANG ] /www/web/lirenjy/public_html/think/lang/zh-cn.php
[ info ] [ ROUTE ] array (
  'type' => 'module',
  'module' => 
  array (
    0 => 'user',
    1 => 'index',
    2 => 'photos',
  ),
)
[ info ] [ HEADER ] array (
  'host' => '01.demo.yuanjianda.com',
  'x-real-ip' => '101.226.68.215',
  'connection' => 'close',
  'accept' => '*/*',
  'accept-language' => 'zh-cn',
  'user-agent' => 'Mozilla/5.0 (iPhone; CPU iPhone OS 9_3_4 like Mac OS X) AppleWebKit/601.1.46 (KHTML, like Gecko) Mobile/13G35 QQ/6.5.3.410 V1_IPH_SQ_6.5.3_1_APP_A Pixel/750 Core/UIWebView NetType/2G Mem/117',
)
[ info ] [ PARAM ] array (
)
[ info ] [ SESSION ] INIT array (
  'id' => '',
  'var_session_id' => '',
  'prefix' => 'think',
  'type' => '',
  'auto_start' => true,
)
[ info ] [ LOG ] INIT File
---------------------------------------------------------------
[ 2018-05-10T03:01:52+08:00 ] 101.226.68.215 GET /user/login/index.html
[ info ] 01.demo.yuanjianda.com/user/login/index.html [运行时间：0.018421s][吞吐率：54.29req/s] [内存消耗：1,393.01kb] [文件加载：36]
[ info ] [ LANG ] /www/web/lirenjy/public_html/think/lang/zh-cn.php
[ info ] [ ROUTE ] array (
  'type' => 'module',
  'module' => 
  array (
    0 => 'user',
    1 => 'login',
    2 => 'index',
  ),
)
[ info ] [ HEADER ] array (
  'host' => '01.demo.yuanjianda.com',
  'referer' => 'http://01.demo.yuanjianda.com/user/index/photos',
  'x-real-ip' => '101.226.68.215',
  'connection' => 'close',
  'accept' => '*/*',
  'accept-language' => 'zh-cn',
  'user-agent' => 'Mozilla/5.0 (iPhone; CPU iPhone OS 9_3_4 like Mac OS X) AppleWebKit/601.1.46 (KHTML, like Gecko) Mobile/13G35 QQ/6.5.3.410 V1_IPH_SQ_6.5.3_1_APP_A Pixel/750 Core/UIWebView NetType/2G Mem/117',
)
[ info ] [ PARAM ] array (
)
[ info ] [ LOG ] INIT File
---------------------------------------------------------------
[ 2018-05-10T03:02:12+08:00 ] 119.147.207.144 GET /user/index/education_list
[ info ] 01.demo.yuanjianda.com/user/index/education_list [运行时间：0.019739s][吞吐率：50.66req/s] [内存消耗：1,626.55kb] [文件加载：42]
[ info ] [ LANG ] /www/web/lirenjy/public_html/think/lang/zh-cn.php
[ info ] [ ROUTE ] array (
  'type' => 'module',
  'module' => 
  array (
    0 => 'user',
    1 => 'index',
    2 => 'education_list',
  ),
)
[ info ] [ HEADER ] array (
  'host' => '01.demo.yuanjianda.com',
  'x-real-ip' => '119.147.207.144',
  'connection' => 'close',
  'accept' => '*/*',
  'accept-language' => 'zh-cn',
  'user-agent' => 'Mozilla/5.0 (iPhone; CPU iPhone OS 9_3_4 like Mac OS X) AppleWebKit/601.1.46 (KHTML, like Gecko) Mobile/13G35 QQ/6.5.3.410 V1_IPH_SQ_6.5.3_1_APP_A Pixel/750 Core/UIWebView NetType/2G Mem/117',
)
[ info ] [ PARAM ] array (
)
[ info ] [ SESSION ] INIT array (
  'id' => '',
  'var_session_id' => '',
  'prefix' => 'think',
  'type' => '',
  'auto_start' => true,
)
[ info ] [ LOG ] INIT File
---------------------------------------------------------------
[ 2018-05-10T03:02:12+08:00 ] 119.147.207.144 GET /user/login/index.html
[ info ] 01.demo.yuanjianda.com/user/login/index.html [运行时间：0.017610s][吞吐率：56.79req/s] [内存消耗：1,393.01kb] [文件加载：36]
[ info ] [ LANG ] /www/web/lirenjy/public_html/think/lang/zh-cn.php
[ info ] [ ROUTE ] array (
  'type' => 'module',
  'module' => 
  array (
    0 => 'user',
    1 => 'login',
    2 => 'index',
  ),
)
[ info ] [ HEADER ] array (
  'host' => '01.demo.yuanjianda.com',
  'referer' => 'http://01.demo.yuanjianda.com/user/index/education_list',
  'x-real-ip' => '119.147.207.144',
  'connection' => 'close',
  'accept' => '*/*',
  'accept-language' => 'zh-cn',
  'user-agent' => 'Mozilla/5.0 (iPhone; CPU iPhone OS 9_3_4 like Mac OS X) AppleWebKit/601.1.46 (KHTML, like Gecko) Mobile/13G35 QQ/6.5.3.410 V1_IPH_SQ_6.5.3_1_APP_A Pixel/750 Core/UIWebView NetType/2G Mem/117',
)
[ info ] [ PARAM ] array (
)
[ info ] [ LOG ] INIT File
---------------------------------------------------------------
[ 2018-05-10T03:31:43+08:00 ] 119.147.207.152 GET /user/index/education/id/11.html
[ info ] 01.demo.yuanjianda.com/user/index/education/id/11.html [运行时间：0.019713s][吞吐率：50.73req/s] [内存消耗：1,627.33kb] [文件加载：42]
[ info ] [ LANG ] /www/web/lirenjy/public_html/think/lang/zh-cn.php
[ info ] [ ROUTE ] array (
  'type' => 'module',
  'module' => 
  array (
    0 => 'user',
    1 => 'index',
    2 => 'education',
  ),
)
[ info ] [ HEADER ] array (
  'host' => '01.demo.yuanjianda.com',
  'x-real-ip' => '119.147.207.152',
  'connection' => 'close',
  'accept' => '*/*',
  'accept-language' => 'zh-cn',
  'user-agent' => 'Mozilla/5.0 (iPhone; CPU iPhone OS 9_3_4 like Mac OS X) AppleWebKit/601.1.46 (KHTML, like Gecko) Mobile/13G35 QQ/6.5.3.410 V1_IPH_SQ_6.5.3_1_APP_A Pixel/750 Core/UIWebView NetType/2G Mem/117',
)
[ info ] [ PARAM ] array (
  'id' => '11',
)
[ info ] [ SESSION ] INIT array (
  'id' => '',
  'var_session_id' => '',
  'prefix' => 'think',
  'type' => '',
  'auto_start' => true,
)
[ info ] [ LOG ] INIT File
---------------------------------------------------------------
[ 2018-05-10T03:31:43+08:00 ] 119.147.207.152 GET /user/login/index.html
[ info ] 01.demo.yuanjianda.com/user/login/index.html [运行时间：0.025630s][吞吐率：39.02req/s] [内存消耗：1,393.02kb] [文件加载：36]
[ info ] [ LANG ] /www/web/lirenjy/public_html/think/lang/zh-cn.php
[ info ] [ ROUTE ] array (
  'type' => 'module',
  'module' => 
  array (
    0 => 'user',
    1 => 'login',
    2 => 'index',
  ),
)
[ info ] [ HEADER ] array (
  'host' => '01.demo.yuanjianda.com',
  'referer' => 'http://01.demo.yuanjianda.com/user/index/education/id/11.html',
  'x-real-ip' => '119.147.207.152',
  'connection' => 'close',
  'accept' => '*/*',
  'accept-language' => 'zh-cn',
  'user-agent' => 'Mozilla/5.0 (iPhone; CPU iPhone OS 9_3_4 like Mac OS X) AppleWebKit/601.1.46 (KHTML, like Gecko) Mobile/13G35 QQ/6.5.3.410 V1_IPH_SQ_6.5.3_1_APP_A Pixel/750 Core/UIWebView NetType/2G Mem/117',
)
[ info ] [ PARAM ] array (
)
[ info ] [ LOG ] INIT File
---------------------------------------------------------------
[ 2018-05-10T05:51:46+08:00 ] 112.90.82.218 GET /user/login/index.html
[ info ] 01.demo.yuanjianda.com/user/login/index.html [运行时间：0.015272s][吞吐率：65.48req/s] [内存消耗：1,392.84kb] [文件加载：36]
[ info ] [ LANG ] /www/web/lirenjy/public_html/think/lang/zh-cn.php
[ info ] [ ROUTE ] array (
  'type' => 'module',
  'module' => 
  array (
    0 => 'user',
    1 => 'login',
    2 => 'index',
  ),
)
[ info ] [ HEADER ] array (
  'host' => '01.demo.yuanjianda.com',
  'x-real-ip' => '112.90.82.218',
  'connection' => 'close',
  'accept' => '*/*',
  'accept-language' => 'zh-cn',
  'user-agent' => 'Mozilla/5.0 (iPhone; CPU iPhone OS 9_3_4 like Mac OS X) AppleWebKit/601.1.46 (KHTML, like Gecko) Mobile/13G35 QQ/6.5.3.410 V1_IPH_SQ_6.5.3_1_APP_A Pixel/750 Core/UIWebView NetType/2G Mem/117',
)
[ info ] [ PARAM ] array (
)
[ info ] [ LOG ] INIT File
---------------------------------------------------------------
[ 2018-05-10T10:30:29+08:00 ] 113.83.64.115 GET /
[ info ] 01.demo.yuanjianda.com/ [运行时间：0.456039s][吞吐率：2.19req/s] [内存消耗：2,560.76kb] [文件加载：56]
[ info ] [ LANG ] /www/web/lirenjy/public_html/think/lang/zh-cn.php
[ info ] [ ROUTE ] array (
  'type' => 'module',
  'module' => 
  array (
    0 => '',
    1 => NULL,
    2 => NULL,
  ),
)
[ info ] [ HEADER ] array (
  'host' => '01.demo.yuanjianda.com',
  'referer' => 'http://111.230.206.148:8899/site/list',
  'x-real-ip' => '113.83.64.115',
  'connection' => 'close',
  'upgrade-insecure-requests' => '1',
  'user-agent' => 'Mozilla/5.0 (Windows NT 6.1; Win64; x64) AppleWebKit/537.36 (KHTML, like Gecko) Chrome/66.0.3359.139 Safari/537.36',
  'accept' => 'text/html,application/xhtml+xml,application/xml;q=0.9,image/webp,image/apng,*/*;q=0.8',
  'accept-language' => 'zh-CN,zh;q=0.9',
)
[ info ] [ PARAM ] array (
)
[ info ] [ DB ] INIT mysql
[ info ] [ CACHE ] INIT File
[ info ] [ RUN ] app\home\controller\Index->index[ /www/web/lirenjy/public_html/app/home/controller/Index.php ]
[ info ] [ VIEW ] /www/web/lirenjy/public_html/app/home/view/index_index.html [ array (
  0 => 'sys',
  1 => 'action',
  2 => 'controller',
  3 => 'title',
  4 => 'keywords',
  5 => 'description',
  6 => 'category',
  7 => 'adList',
  8 => 'linkList',
) ]
[ info ] [ LOG ] INIT File
[ sql ] [ DB ] CONNECT:[ UseTime:0.001405s ] mysql:host=localhost;port=3306;dbname=lirenjy;charset=utf8
[ sql ] [ SQL ] SHOW COLUMNS FROM `lz_category` [ RunTime:0.003305s ]
[ sql ] [ SQL ] SELECT * FROM `lz_category` WHERE  `id` IS NULL LIMIT 1 [ RunTime:0.000341s ]
[ sql ] [ SQL ] SELECT * FROM `lz_category` WHERE  `parentid` = 0  AND `ismenu` = 1 ORDER BY `listorder` [ RunTime:0.001555s ]
[ sql ] [ SQL ] SELECT * FROM `lz_category` WHERE  `ismenu` = 1 ORDER BY `listorder` [ RunTime:0.000309s ]
[ sql ] [ SQL ] SHOW COLUMNS FROM `lz_ad` [ RunTime:0.002191s ]
[ sql ] [ SQL ] SELECT * FROM `lz_ad` WHERE  `type_id` = 1  AND `open` = 1 ORDER BY sort asc LIMIT 4 [ RunTime:0.000308s ]
[ sql ] [ SQL ] SHOW COLUMNS FROM `lz_link` [ RunTime:0.002219s ]
[ sql ] [ SQL ] SELECT * FROM `lz_link` WHERE  `open` = 1 ORDER BY sort asc [ RunTime:0.000936s ]
[ sql ] [ SQL ] SHOW COLUMNS FROM `lz_article` [ RunTime:0.002909s ]
[ sql ] [ SQL ] SELECT * FROM `lz_article` WHERE  (  catId=14 ) ORDER BY id desc LIMIT 5 [ RunTime:0.023558s ]
[ sql ] [ SQL ] SHOW COLUMNS FROM `lz_student` [ RunTime:0.003306s ]
[ sql ] [ SQL ] SELECT * FROM `lz_student` ORDER BY id desc LIMIT 15 [ RunTime:0.001003s ]
[ sql ] [ SQL ] SHOW COLUMNS FROM `lz_colleges` [ RunTime:0.014223s ]
[ sql ] [ SQL ] SELECT * FROM `lz_colleges` WHERE  (  posid = 1 and catId = 22 ) ORDER BY id desc LIMIT 6 [ RunTime:0.012962s ]
[ sql ] [ SQL ] SELECT * FROM `lz_article` WHERE  (  posid = 1 and catId=14 ) ORDER BY id desc LIMIT 5 [ RunTime:0.000850s ]
[ sql ] [ SQL ] SELECT * FROM `lz_article` WHERE  (  posid = 1 and catId=16 ) ORDER BY id desc LIMIT 5 [ RunTime:0.000789s ]
[ sql ] [ SQL ] SELECT * FROM `lz_article` WHERE  (  posid = 1 and catId=17 ) ORDER BY id desc LIMIT 5 [ RunTime:0.319449s ]
[ sql ] [ SQL ] SELECT * FROM `lz_article` WHERE  (  posid = 1 and catId=18 ) ORDER BY id desc LIMIT 5 [ RunTime:0.000482s ]
[ error ] [8]未定义变量: info[/www/web/lirenjy/public_html/runtime/temp/b12d8df1954b8193b5b858153a01762a.php:7]
[ error ] [8]未定义变量: info[/www/web/lirenjy/public_html/runtime/temp/b12d8df1954b8193b5b858153a01762a.php:8]
[ error ] [8]未定义变量: info[/www/web/lirenjy/public_html/runtime/temp/b12d8df1954b8193b5b858153a01762a.php:9]
